{
  "RSpec": {
    "coverage": {
      "/Users/jaabiryusuf/Projects/makersbnb/app.rb": {
        "lines": [
          1,
          1,
          1,
          null,
          1,
          1,
          1,
          0,
          null,
          null,
          1,
          1,
          null,
          null,
          1,
          0,
          0,
          null,
          null,
          1,
          null
        ]
      },
      "/Users/jaabiryusuf/Projects/makersbnb/lib/rooms.rb": {
        "lines": [
          1,
          null,
          1,
          null,
          1,
          null,
          null,
          null,
          1,
          0,
          0,
          0,
          null,
          0,
          null,
          null,
          1,
          null,
          1,
          0,
          0,
          0,
          null,
          null,
          1,
          0,
          0,
          null,
          0,
          null,
          null,
          null,
          null
        ]
      },
      "/Users/jaabiryusuf/Projects/makersbnb/spec/features/test_page.rb": {
        "lines": [
          1,
          1,
          1,
          1,
          null,
          null
        ]
      }
    },
    "timestamp": 1644939560
  }
}
